<?xml version="1.0" encoding="UTF-8"?>
<!-- Generated by org.testng.reporters.JUnitXMLReporter -->
<testsuite hostname="PAVEL_LAPTOP" ignored="0" tests="10" failures="1" timestamp="09 мар 2017 18:15:42 GMT" time="5.577" errors="0">
  <testcase name="getAxtensionTest" time="0.0" classname="FileTest"/>
  <testcase name="getAxtensionTest" time="0.0" classname="FileTest"/>
  <testcase name="getAxtensionTest" time="0.0" classname="FileTest">
    <failure type="java.lang.AssertionError" message="expected [rrr] but found [exe]">
      <![CDATA[java.lang.AssertionError: expected [rrr] but found [exe]
	at FileTest.getAxtensionTest(FileTest.java:33)
... Removed 34 stack frames]]>
    </failure>
  </testcase> <!-- getAxtensionTest -->
  <testcase name="getContentTest" time="0.001" classname="FileTest"/>
  <testcase name="getFilename" time="0.001" classname="FileTest"/>
  <testcase name="getSizeTest" time="0.0" classname="FileTest"/>
  <testcase name="writeExistedFileTest" time="1.813" classname="FileStorageTest"/>
  <testcase name="writeSingleFileNotEnoughSpaceTest" time="0.002" classname="FileStorageTest"/>
  <testcase name="writeSingleFileTest" time="1.801" classname="FileStorageTest"/>
  <testcase name="isExistsTest" time="1.8" classname="FileStorageTest"/>
</testsuite>
