-------------------------------------------------------------------------------
Test set: TestSuite
-------------------------------------------------------------------------------
Tests run: 10, Failures: 1, Errors: 0, Skipped: 0, Time elapsed: 6.273 sec <<< FAILURE! - in TestSuite
getAxtensionTest(FileTest)  Time elapsed: 0.121 sec  <<< FAILURE!
java.lang.AssertionError: expected [rrr] but found [exe]
	at FileTest.getAxtensionTest(FileTest.java:33)

