<?xml version="1.0" encoding="UTF-8"?>
<testng-results skipped="0" failed="0" ignored="0" total="1" passed="1">
  <reporter-output>
  </reporter-output>
  <suite name="Surefire suite" duration-ms="17933" started-at="2017-03-12T11:50:37Z" finished-at="2017-03-12T11:50:55Z">
    <groups>
    </groups>
    <test name="Surefire test" duration-ms="17933" started-at="2017-03-12T11:50:37Z" finished-at="2017-03-12T11:50:55Z">
      <class name="com.test.LoginTest">
        <test-method status="PASS" signature="setUp()[pri:0, instance:com.test.LoginTest@5ebec15]" name="setUp" is-config="true" duration-ms="4" started-at="2017-03-12T14:50:37Z" finished-at="2017-03-12T14:50:37Z">
          <reporter-output>
          </reporter-output>
        </test-method> <!-- setUp -->
        <test-method status="PASS" signature="Login()[pri:0, instance:com.test.LoginTest@5ebec15]" name="Login" duration-ms="17912" started-at="2017-03-12T14:50:37Z" finished-at="2017-03-12T14:50:55Z">
          <reporter-output>
          </reporter-output>
        </test-method> <!-- Login -->
      </class> <!-- com.test.LoginTest -->
    </test> <!-- Surefire test -->
  </suite> <!-- Surefire suite -->
</testng-results>
